TN:
SF:src/app.ts
FN:14,(anonymous_8)
FN:14,(anonymous_9)
FN:38,(anonymous_10)
FNF:3
FNH:0
FNDA:0,(anonymous_8)
FNDA:0,(anonymous_9)
FNDA:0,(anonymous_10)
DA:1,0
DA:2,0
DA:3,0
DA:4,0
DA:5,0
DA:6,0
DA:7,0
DA:8,0
DA:10,0
DA:11,0
DA:12,0
DA:13,0
DA:14,0
DA:18,0
DA:19,0
DA:25,0
DA:26,0
DA:38,0
DA:39,0
DA:45,0
DA:50,0
DA:51,0
DA:52,0
DA:53,0
DA:54,0
DA:57,0
LF:26
LH:0
BRF:0
BRH:0
end_of_record
TN:
SF:src/init.ts
FN:8,(anonymous_1)
FNF:1
FNH:0
FNDA:0,(anonymous_1)
DA:1,0
DA:3,0
DA:8,0
DA:9,0
LF:4
LH:0
BRF:0
BRH:0
end_of_record
TN:
SF:src/helpers/index.ts
FN:1,(anonymous_0)
FNF:1
FNH:0
FNDA:0,(anonymous_0)
DA:1,0
LF:1
LH:0
BRF:0
BRH:0
end_of_record
TN:
SF:src/helpers/runtime.ts
FN:12,(anonymous_0)
FNF:1
FNH:0
FNDA:0,(anonymous_0)
DA:3,0
DA:12,0
DA:13,0
LF:3
LH:0
BRDA:8,0,0,0
BRDA:8,0,1,0
BRF:2
BRH:0
end_of_record
TN:
SF:src/services/person.ts
FN:3,(anonymous_8)
FN:3,(anonymous_9)
FN:9,(anonymous_10)
FN:9,(anonymous_11)
FN:18,(anonymous_12)
FN:18,(anonymous_13)
FN:35,(anonymous_14)
FN:35,(anonymous_15)
FN:45,(anonymous_16)
FN:45,(anonymous_17)
FN:62,(anonymous_18)
FN:62,(anonymous_19)
FNF:12
FNH:10
FNDA:0,(anonymous_8)
FNDA:0,(anonymous_9)
FNDA:1,(anonymous_10)
FNDA:1,(anonymous_11)
FNDA:10,(anonymous_12)
FNDA:10,(anonymous_13)
FNDA:1,(anonymous_14)
FNDA:1,(anonymous_15)
FNDA:1,(anonymous_16)
FNDA:1,(anonymous_17)
FNDA:14,(anonymous_18)
FNDA:14,(anonymous_19)
DA:1,1
DA:3,1
DA:4,0
DA:5,0
DA:6,0
DA:9,1
DA:10,1
DA:11,1
DA:13,1
DA:14,1
DA:15,1
DA:16,1
DA:17,1
DA:18,10
DA:23,1
DA:24,1
DA:31,0
DA:35,1
DA:36,1
DA:37,1
DA:40,1
DA:41,1
DA:42,1
DA:43,1
DA:44,1
DA:45,1
DA:50,1
DA:51,1
DA:58,0
DA:62,14
DA:63,14
DA:64,14
DA:65,12
DA:66,12
DA:68,2
LF:35
LH:30
BRDA:66,0,0,0
BRDA:66,0,1,12
BRDA:66,1,0,12
BRDA:66,1,1,12
BRF:4
BRH:3
end_of_record
